<?xml version="1.0" encoding="UTF-8" standalone="no"?>
<testsuite errors="0" failures="0" name="io.cucumber.core.plugin.JUnitFormatter" skipped="0" tests="2" time="19.811">
    <testcase classname="LinkedIn" name="Login LinkedIn scenario" time="17.221">
        <system-out>
            <![CDATA[Given I open linkedin website...............................................passed
]]>
        </system-out>
    </testcase>
    <testcase classname="OpenGoogle" name="Open Google scenario" time="2.351">
        <system-out>
            <![CDATA[Given I open google website.................................................passed
Then I search for github and press enter....................................passed
]]>
        </system-out>
    </testcase>
</testsuite>
