<?xml version="1.0" encoding="UTF-8"?>
<testsuite xmlns:xsi="http://www.w3.org/2001/XMLSchema-instance" xsi:noNamespaceSchemaLocation="https://maven.apache.org/surefire/maven-surefire-plugin/xsd/surefire-test-report-3.0.xsd" version="3.0" name="com.jason.auto.runner.RunUITests" time="21.025" tests="1" errors="0" skipped="0" failures="0">
  <properties>
[...]
</properties>
  <testcase name="Open Google scenario" classname="OpenGoogle" time="21.001">
    <system-out><![CDATA[
@ui @google
Scenario: Open Google scenario             &amp#27;[90m# src/test/resources/ui/OpenGoogle.feature:4&amp#27;[0m
  &amp#27;[32mGiven &amp#27;[0m&amp#27;[32mI open google website&amp#27;[0m              &amp#27;[90m# com.jason.auto.steps.ui.OpenGoogleSteps.iOpenGoogleWebsite()&amp#27;[0m
  &amp#27;[32mThen &amp#27;[0m&amp#27;[32mI search for &amp#27;[0m&amp#27;[32m&amp#27;[1mgithub&amp#27;[0m&amp#27;[32m and press enter&amp#27;[0m &amp#27;[90m# com.jason.auto.steps.ui.OpenGoogleSteps.searchForSomething(java.lang.String)&amp#27;[0m
]]></system-out>
    <system-err><![CDATA[[main] INFO com.jason.auto.utilities.PropertyReader - Loading qa env properties
[main] INFO com.jason.auto.utilities.SelectDriver - Browser: chrome
[main] INFO io.github.bonigarcia.wdm.WebDriverManager - Using chromedriver 100.0.4896.60 (resolved driver for Chrome 100)
[main] INFO io.github.bonigarcia.wdm.WebDriverManager - Exporting webdriver.chrome.driver as /Users/jasoncarmona/.cache/selenium/chromedriver/mac64/100.0.4896.60/chromedriver
Starting ChromeDriver 100.0.4896.60 (6a5d10861ce8de5fce22564658033b43cb7de047-refs/branch-heads/4896@{#875}) on port 10233
Only local connections are allowed.
Please see https://chromedriver.chromium.org/security-considerations for suggestions on keeping ChromeDriver safe.
ChromeDriver was started successfully.
Apr 09, 2022 1:18:27 PM org.openqa.selenium.remote.ProtocolHandshake createSession
INFO: Detected dialect: W3C
Apr 09, 2022 1:18:27 PM org.openqa.selenium.devtools.CdpVersionFinder findNearestMatch
WARNING: Unable to find an exact match for CDP version 100, so returning the closest version found: a no-op implementation
Apr 09, 2022 1:18:27 PM org.openqa.selenium.devtools.CdpVersionFinder findNearestMatch
INFO: Unable to find CDP implementation matching 100.
Apr 09, 2022 1:18:27 PM org.openqa.selenium.chromium.ChromiumDriver lambda$new$2
WARNING: Unable to find version of CDP to use for . You may need to include a dependency on a specific version of the CDP using something similar to `org.seleniumhq.selenium:selenium-devtools-v86:4.0.0-beta-4` where the version ("v86") matches the version of the chromium-based browser you're using and the version number of the artifact is the same as Selenium's.
[main] INFO com.jason.auto.utilities.DriverFactory - ****** Screen Size: (1366, 813)******
[main] INFO com.jason.auto.pages.websites.GooglePage - im in https://www.google.com/ page
[main] INFO com.jason.auto.pages.websites.GooglePage - https://www.google.com/page has loaded
]]></system-err>
  </testcase>
</testsuite>